<?xml version="1.0" encoding="UTF-8"?>
<testsuite xmlns:xsi="http://www.w3.org/2001/XMLSchema-instance" xsi:noNamespaceSchemaLocation="https://maven.apache.org/surefire/maven-surefire-plugin/xsd/surefire-test-report-3.0.xsd" version="3.0" name="com.endava.calculator.CalculatorTest" time="0.159" tests="22" errors="0" skipped="0" failures="0">
  <properties>
    <property name="java.specification.version" value="17"/>
    <property name="sun.cpu.isalist" value="amd64"/>
    <property name="sun.jnu.encoding" value="Cp1252"/>
    <property name="java.class.path" value="C:\SourceCode\course\target\test-classes;C:\SourceCode\course\target\classes;C:\Users\Andrei Raileanu\.m2\repository\commons-io\commons-io\2.11.0\commons-io-2.11.0.jar;C:\Users\Andrei Raileanu\.m2\repository\org\apache\commons\commons-lang3\3.12.0\commons-lang3-3.12.0.jar;C:\Users\Andrei Raileanu\.m2\repository\org\apache\logging\log4j\log4j-api\2.17.1\log4j-api-2.17.1.jar;C:\Users\Andrei Raileanu\.m2\repository\org\apache\logging\log4j\log4j-core\2.17.1\log4j-core-2.17.1.jar;C:\Users\Andrei Raileanu\.m2\repository\com\google\code\gson\gson\2.8.9\gson-2.8.9.jar;C:\Users\Andrei Raileanu\.m2\repository\com\fasterxml\jackson\core\jackson-databind\2.13.1\jackson-databind-2.13.1.jar;C:\Users\Andrei Raileanu\.m2\repository\com\fasterxml\jackson\core\jackson-annotations\2.13.1\jackson-annotations-2.13.1.jar;C:\Users\Andrei Raileanu\.m2\repository\com\fasterxml\jackson\core\jackson-core\2.13.1\jackson-core-2.13.1.jar;C:\Users\Andrei Raileanu\.m2\repository\commons-dbutils\commons-dbutils\1.7\commons-dbutils-1.7.jar;C:\Users\Andrei Raileanu\.m2\repository\mysql\mysql-connector-java\8.0.28\mysql-connector-java-8.0.28.jar;C:\Users\Andrei Raileanu\.m2\repository\com\google\protobuf\protobuf-java\3.11.4\protobuf-java-3.11.4.jar;C:\Users\Andrei Raileanu\.m2\repository\org\junit\jupiter\junit-jupiter-api\5.8.2\junit-jupiter-api-5.8.2.jar;C:\Users\Andrei Raileanu\.m2\repository\org\opentest4j\opentest4j\1.2.0\opentest4j-1.2.0.jar;C:\Users\Andrei Raileanu\.m2\repository\org\junit\platform\junit-platform-commons\1.8.2\junit-platform-commons-1.8.2.jar;C:\Users\Andrei Raileanu\.m2\repository\org\apiguardian\apiguardian-api\1.1.2\apiguardian-api-1.1.2.jar;C:\Users\Andrei Raileanu\.m2\repository\org\junit\jupiter\junit-jupiter-params\5.8.2\junit-jupiter-params-5.8.2.jar;C:\Users\Andrei Raileanu\.m2\repository\org\junit\platform\junit-platform-launcher\1.8.2\junit-platform-launcher-1.8.2.jar;C:\Users\Andrei Raileanu\.m2\repository\org\junit\platform\junit-platform-engine\1.8.2\junit-platform-engine-1.8.2.jar;C:\Users\Andrei Raileanu\.m2\repository\org\hamcrest\hamcrest\2.2\hamcrest-2.2.jar;C:\Users\Andrei Raileanu\.m2\repository\org\assertj\assertj-core\3.22.0\assertj-core-3.22.0.jar;"/>
    <property name="java.vm.vendor" value="Azul Systems, Inc."/>
    <property name="sun.arch.data.model" value="64"/>
    <property name="user.variant" value=""/>
    <property name="java.vendor.url" value="http://www.azul.com/"/>
    <property name="user.timezone" value="Europe/Bucharest"/>
    <property name="os.name" value="Windows 10"/>
    <property name="java.vm.specification.version" value="17"/>
    <property name="sun.java.launcher" value="SUN_STANDARD"/>
    <property name="user.country" value="US"/>
    <property name="sun.boot.library.path" value="C:\Program Files\Zulu\zulu-17\bin"/>
    <property name="sun.java.command" value="C:\Users\Andrei Raileanu\AppData\Local\Temp\surefire12790431240800012737\surefirebooter655578761368786121.jar C:\Users\Andrei Raileanu\AppData\Local\Temp\surefire12790431240800012737 2022-01-27T22-25-20_110-jvmRun1 surefire12034618585052188839tmp surefire_07899794313350076764tmp"/>
    <property name="jdk.debug" value="release"/>
    <property name="surefire.test.class.path" value="C:\SourceCode\course\target\test-classes;C:\SourceCode\course\target\classes;C:\Users\Andrei Raileanu\.m2\repository\commons-io\commons-io\2.11.0\commons-io-2.11.0.jar;C:\Users\Andrei Raileanu\.m2\repository\org\apache\commons\commons-lang3\3.12.0\commons-lang3-3.12.0.jar;C:\Users\Andrei Raileanu\.m2\repository\org\apache\logging\log4j\log4j-api\2.17.1\log4j-api-2.17.1.jar;C:\Users\Andrei Raileanu\.m2\repository\org\apache\logging\log4j\log4j-core\2.17.1\log4j-core-2.17.1.jar;C:\Users\Andrei Raileanu\.m2\repository\com\google\code\gson\gson\2.8.9\gson-2.8.9.jar;C:\Users\Andrei Raileanu\.m2\repository\com\fasterxml\jackson\core\jackson-databind\2.13.1\jackson-databind-2.13.1.jar;C:\Users\Andrei Raileanu\.m2\repository\com\fasterxml\jackson\core\jackson-annotations\2.13.1\jackson-annotations-2.13.1.jar;C:\Users\Andrei Raileanu\.m2\repository\com\fasterxml\jackson\core\jackson-core\2.13.1\jackson-core-2.13.1.jar;C:\Users\Andrei Raileanu\.m2\repository\commons-dbutils\commons-dbutils\1.7\commons-dbutils-1.7.jar;C:\Users\Andrei Raileanu\.m2\repository\mysql\mysql-connector-java\8.0.28\mysql-connector-java-8.0.28.jar;C:\Users\Andrei Raileanu\.m2\repository\com\google\protobuf\protobuf-java\3.11.4\protobuf-java-3.11.4.jar;C:\Users\Andrei Raileanu\.m2\repository\org\junit\jupiter\junit-jupiter-api\5.8.2\junit-jupiter-api-5.8.2.jar;C:\Users\Andrei Raileanu\.m2\repository\org\opentest4j\opentest4j\1.2.0\opentest4j-1.2.0.jar;C:\Users\Andrei Raileanu\.m2\repository\org\junit\platform\junit-platform-commons\1.8.2\junit-platform-commons-1.8.2.jar;C:\Users\Andrei Raileanu\.m2\repository\org\apiguardian\apiguardian-api\1.1.2\apiguardian-api-1.1.2.jar;C:\Users\Andrei Raileanu\.m2\repository\org\junit\jupiter\junit-jupiter-params\5.8.2\junit-jupiter-params-5.8.2.jar;C:\Users\Andrei Raileanu\.m2\repository\org\junit\platform\junit-platform-launcher\1.8.2\junit-platform-launcher-1.8.2.jar;C:\Users\Andrei Raileanu\.m2\repository\org\junit\platform\junit-platform-engine\1.8.2\junit-platform-engine-1.8.2.jar;C:\Users\Andrei Raileanu\.m2\repository\org\hamcrest\hamcrest\2.2\hamcrest-2.2.jar;C:\Users\Andrei Raileanu\.m2\repository\org\assertj\assertj-core\3.22.0\assertj-core-3.22.0.jar;"/>
    <property name="sun.cpu.endian" value="little"/>
    <property name="user.home" value="C:\Users\Andrei Raileanu"/>
    <property name="user.language" value="en"/>
    <property name="java.specification.vendor" value="Oracle Corporation"/>
    <property name="java.version.date" value="2021-10-19"/>
    <property name="java.home" value="C:\Program Files\Zulu\zulu-17"/>
    <property name="file.separator" value="\"/>
    <property name="basedir" value="C:\SourceCode\course"/>
    <property name="java.vm.compressedOopsMode" value="Zero based"/>
    <property name="line.separator" value="&#10;"/>
    <property name="java.vm.specification.vendor" value="Oracle Corporation"/>
    <property name="java.specification.name" value="Java Platform API Specification"/>
    <property name="surefire.real.class.path" value="C:\Users\Andrei Raileanu\AppData\Local\Temp\surefire12790431240800012737\surefirebooter655578761368786121.jar"/>
    <property name="user.script" value=""/>
    <property name="sun.management.compiler" value="HotSpot 64-Bit Tiered Compilers"/>
    <property name="java.runtime.version" value="17.0.1+12-LTS"/>
    <property name="user.name" value="Andrei Raileanu"/>
    <property name="path.separator" value=";"/>
    <property name="os.version" value="10.0"/>
    <property name="java.runtime.name" value="OpenJDK Runtime Environment"/>
    <property name="file.encoding" value="Cp1252"/>
    <property name="java.vm.name" value="OpenJDK 64-Bit Server VM"/>
    <property name="java.vendor.version" value="Zulu17.30+15-CA"/>
    <property name="localRepository" value="C:\Users\Andrei Raileanu\.m2\repository"/>
    <property name="java.vendor.url.bug" value="http://www.azul.com/support/"/>
    <property name="java.io.tmpdir" value="C:\Users\ANDREI~1\AppData\Local\Temp\"/>
    <property name="idea.version" value="2021.3.1"/>
    <property name="java.version" value="17.0.1"/>
    <property name="user.dir" value="C:\SourceCode\course"/>
    <property name="os.arch" value="amd64"/>
    <property name="java.vm.specification.name" value="Java Virtual Machine Specification"/>
    <property name="sun.os.patch.level" value=""/>
    <property name="native.encoding" value="Cp1252"/>
    <property name="java.library.path" value="C:\Program Files\Zulu\zulu-17\bin;C:\Windows\Sun\Java\bin;C:\Windows\system32;C:\Windows;C:\Program Files\Zulu\zulu-17\bin\;C:\Windows\system32;C:\Windows;C:\Windows\System32\Wbem;C:\Windows\System32\WindowsPowerShell\v1.0\;C:\Windows\System32\OpenSSH\;C:\Program Files\NVIDIA Corporation\NVIDIA NvDLISR;C:\Program Files (x86)\NVIDIA Corporation\PhysX\Common;C:\Program Files\Git\cmd;C:\Program Files\apache-maven-3.8.4\bin;C:\Users\Andrei Raileanu\scoop\shims;C:\Users\Andrei Raileanu\AppData\Local\Microsoft\WindowsApps;;C:\Program Files\JetBrains\IntelliJ IDEA Community Edition 2021.3.1\bin;;."/>
    <property name="java.vm.info" value="mixed mode, sharing"/>
    <property name="java.vendor" value="Azul Systems, Inc."/>
    <property name="java.vm.version" value="17.0.1+12-LTS"/>
    <property name="sun.io.unicode.encoding" value="UnicodeLittle"/>
    <property name="java.class.version" value="61.0"/>
  </properties>
  <testcase name="shouldMultiply1Number" classname="com.endava.calculator.CalculatorTest" time="0.017">
    <system-out><![CDATA[Before All

Before Each
2
After Each
]]></system-out>
  </testcase>
  <testcase name="shouldMultiplyWith0" classname="com.endava.calculator.CalculatorTest" time="0.001">
    <system-out><![CDATA[
Before Each
0
After Each
]]></system-out>
  </testcase>
  <testcase name="shouldRaiseExponent" classname="com.endava.calculator.CalculatorTest" time="0.001">
    <system-out><![CDATA[
Before Each
8.0
After Each
]]></system-out>
  </testcase>
  <testcase name="shouldMultiplyNegativeNumbers" classname="com.endava.calculator.CalculatorTest" time="0.002">
    <system-out><![CDATA[
Before Each
-6
After Each
]]></system-out>
  </testcase>
  <testcase name="shouldMultiplyMoreNumbers" classname="com.endava.calculator.CalculatorTest" time="0.001">
    <system-out><![CDATA[
Before Each
24
After Each
]]></system-out>
  </testcase>
  <testcase name="shouldRaiseNegativeExponent" classname="com.endava.calculator.CalculatorTest" time="0.002">
    <system-out><![CDATA[
Before Each
0.125
After Each
]]></system-out>
  </testcase>
  <testcase name="shouldAddNoOperands" classname="com.endava.calculator.CalculatorTest" time="0">
    <system-out><![CDATA[
Before Each
0
After Each
]]></system-out>
  </testcase>
  <testcase name="shouldGiveFactorial" classname="com.endava.calculator.CalculatorTest" time="0.001">
    <system-out><![CDATA[
Before Each
120
After Each
]]></system-out>
  </testcase>
  <testcase name="shouldAddMoreThan2Operands(int, int, int, Long)[1]" classname="com.endava.calculator.CalculatorTest" time="0.019">
    <system-out><![CDATA[
Before Each
After Each
]]></system-out>
  </testcase>
  <testcase name="shouldAddMoreThan2Operands(int, int, int, Long)[2]" classname="com.endava.calculator.CalculatorTest" time="0.002">
    <system-out><![CDATA[
Before Each
After Each
]]></system-out>
  </testcase>
  <testcase name="shouldAddMoreThan2Operands(int, int, int, Long)[3]" classname="com.endava.calculator.CalculatorTest" time="0.001">
    <system-out><![CDATA[
Before Each
After Each
]]></system-out>
  </testcase>
  <testcase name="shouldAddMoreThan2Operands(int, int, int, Long)[4]" classname="com.endava.calculator.CalculatorTest" time="0.001">
    <system-out><![CDATA[
Before Each
After Each
]]></system-out>
  </testcase>
  <testcase name="shouldAddMoreThan2Operands(int, int, int, Long)[5]" classname="com.endava.calculator.CalculatorTest" time="0.002">
    <system-out><![CDATA[
Before Each
After Each
]]></system-out>
  </testcase>
  <testcase name="shouldAddNumbersGivenOperand0(int, int, long)[1]" classname="com.endava.calculator.CalculatorTest" time="0.001">
    <system-out><![CDATA[
Before Each
After Each
]]></system-out>
  </testcase>
  <testcase name="shouldAddNumbersGivenOperand0(int, int, long)[2]" classname="com.endava.calculator.CalculatorTest" time="0.001">
    <system-out><![CDATA[
Before Each
After Each
]]></system-out>
  </testcase>
  <testcase name="shouldRaiseBaseWith0" classname="com.endava.calculator.CalculatorTest" time="0.002">
    <system-out><![CDATA[
Before Each
1.0
After Each
]]></system-out>
  </testcase>
  <testcase name="shouldRaise0WithNegativeExponent" classname="com.endava.calculator.CalculatorTest" time="0.001">
    <system-out><![CDATA[
Before Each
Infinity
After Each
]]></system-out>
  </testcase>
  <testcase name="shouldRaise0BaseWith0Exponent" classname="com.endava.calculator.CalculatorTest" time="0.001">
    <system-out><![CDATA[
Before Each
1.0
After Each
]]></system-out>
  </testcase>
  <testcase name="shouldAddNegativeNumbers" classname="com.endava.calculator.CalculatorTest" time="0.004">
    <system-out><![CDATA[
Before Each
After Each
]]></system-out>
  </testcase>
  <testcase name="shouldMultiply2Numbers" classname="com.endava.calculator.CalculatorTest" time="0.002">
    <system-out><![CDATA[
Before Each
6
After Each
]]></system-out>
  </testcase>
  <testcase name="shouldAddOneOperand" classname="com.endava.calculator.CalculatorTest" time="0.001">
    <system-out><![CDATA[
Before Each
167
After Each
]]></system-out>
  </testcase>
  <testcase name="shouldGiveNegativeFactorial" classname="com.endava.calculator.CalculatorTest" time="0">
    <system-out><![CDATA[
Before Each
1
After Each
]]></system-out>
  </testcase>
</testsuite>